<?xml version="1.0" encoding="UTF-8"?>
<!-- Generated by org.testng.reporters.JUnitReportReporter -->
<testsuite skipped="0" hostname="e5ad3c8ebe55" name="com.newtours.tests.SearchTest" tests="5" failures="0" timestamp="24 Oct 2022 20:32:22 GMT" time="37.721" errors="0">
  <testcase name="search" time="6.913" classname="com.newtours.tests.SearchTest"/>
  <testcase name="search" time="6.482" classname="com.newtours.tests.SearchTest"/>
  <testcase name="search" time="8.169" classname="com.newtours.tests.SearchTest"/>
  <testcase name="search" time="6.727" classname="com.newtours.tests.SearchTest"/>
  <testcase name="search" time="9.430" classname="com.newtours.tests.SearchTest"/>
</testsuite> <!-- com.newtours.tests.SearchTest -->
