<?xml version="1.0" encoding="UTF-8"?>
<!-- Generated by org.testng.reporters.JUnitReportReporter -->
<testsuite skipped="0" hostname="20972596fb88" name="com.newtours.tests.SearchTest" tests="5" failures="0" timestamp="25 Oct 2022 11:56:32 GMT" time="37.498" errors="0">
  <testcase name="search" time="8.597" classname="com.newtours.tests.SearchTest"/>
  <testcase name="search" time="5.724" classname="com.newtours.tests.SearchTest"/>
  <testcase name="search" time="7.842" classname="com.newtours.tests.SearchTest"/>
  <testcase name="search" time="8.065" classname="com.newtours.tests.SearchTest"/>
  <testcase name="search" time="7.270" classname="com.newtours.tests.SearchTest"/>
</testsuite> <!-- com.newtours.tests.SearchTest -->
