<?xml version="1.0" encoding="UTF-8"?>
<!-- Generated by org.testng.reporters.JUnitReportReporter -->
<testsuite skipped="0" hostname="8135a843e2f4" name="com.newtours.tests.SearchTest" tests="5" failures="0" timestamp="24 Oct 2022 20:14:53 GMT" time="38.457" errors="0">
  <testcase name="search" time="6.401" classname="com.newtours.tests.SearchTest"/>
  <testcase name="search" time="11.735" classname="com.newtours.tests.SearchTest"/>
  <testcase name="search" time="6.211" classname="com.newtours.tests.SearchTest"/>
  <testcase name="search" time="7.417" classname="com.newtours.tests.SearchTest"/>
  <testcase name="search" time="6.693" classname="com.newtours.tests.SearchTest"/>
</testsuite> <!-- com.newtours.tests.SearchTest -->
