<?xml version="1.0" encoding="UTF-8"?>
<!-- Generated by org.testng.reporters.JUnitReportReporter -->
<testsuite skipped="0" hostname="af953421d733" name="com.newtours.tests.BookFlightTest" tests="20" failures="0" timestamp="25 Oct 2022 11:54:38 GMT" time="67.423" errors="0">
  <testcase name="registrationPage" time="8.594" classname="com.newtours.tests.BookFlightTest"/>
  <testcase name="flightDetailsPage" time="5.546" classname="com.newtours.tests.BookFlightTest"/>
  <testcase name="findFlightPage" time="1.048" classname="com.newtours.tests.BookFlightTest"/>
  <testcase name="registrationConfirmationPage" time="0.190" classname="com.newtours.tests.BookFlightTest"/>
  <testcase name="registrationPage" time="9.478" classname="com.newtours.tests.BookFlightTest"/>
  <testcase name="registrationConfirmationPage" time="0.241" classname="com.newtours.tests.BookFlightTest"/>
  <testcase name="flightConfPage" time="0.486" classname="com.newtours.tests.BookFlightTest"/>
  <testcase name="findFlightPage" time="0.415" classname="com.newtours.tests.BookFlightTest"/>
  <testcase name="registrationPage" time="10.700" classname="com.newtours.tests.BookFlightTest"/>
  <testcase name="flightDetailsPage" time="5.606" classname="com.newtours.tests.BookFlightTest"/>
  <testcase name="flightConfPage" time="0.421" classname="com.newtours.tests.BookFlightTest"/>
  <testcase name="findFlightPage" time="0.483" classname="com.newtours.tests.BookFlightTest"/>
  <testcase name="registrationPage" time="10.773" classname="com.newtours.tests.BookFlightTest"/>
  <testcase name="findFlightPage" time="0.449" classname="com.newtours.tests.BookFlightTest"/>
  <testcase name="flightConfPage" time="0.418" classname="com.newtours.tests.BookFlightTest"/>
  <testcase name="registrationConfirmationPage" time="0.215" classname="com.newtours.tests.BookFlightTest"/>
  <testcase name="flightConfPage" time="0.987" classname="com.newtours.tests.BookFlightTest"/>
  <testcase name="flightDetailsPage" time="5.661" classname="com.newtours.tests.BookFlightTest"/>
  <testcase name="flightDetailsPage" time="5.507" classname="com.newtours.tests.BookFlightTest"/>
  <testcase name="registrationConfirmationPage" time="0.205" classname="com.newtours.tests.BookFlightTest"/>
</testsuite> <!-- com.newtours.tests.BookFlightTest -->
