<?xml version="1.0" encoding="UTF-8"?>
<!-- Generated by org.testng.reporters.JUnitReportReporter -->
<testsuite skipped="0" hostname="15bc6b389a4d" name="com.newtours.tests.SearchTest" tests="5" failures="0" timestamp="25 Oct 2022 12:06:19 GMT" time="84.895" errors="0">
  <testcase name="search" time="18.196" classname="com.newtours.tests.SearchTest"/>
  <testcase name="search" time="10.575" classname="com.newtours.tests.SearchTest"/>
  <testcase name="search" time="11.758" classname="com.newtours.tests.SearchTest"/>
  <testcase name="search" time="22.709" classname="com.newtours.tests.SearchTest"/>
  <testcase name="search" time="21.657" classname="com.newtours.tests.SearchTest"/>
</testsuite> <!-- com.newtours.tests.SearchTest -->
