<?xml version="1.0" encoding="UTF-8"?>
<!-- Generated by org.testng.reporters.JUnitReportReporter -->
<testsuite skipped="0" hostname="69c23002add6" name="com.newtours.tests.BookFlightTest" tests="20" failures="0" timestamp="25 Oct 2022 12:05:29 GMT" time="115.863" errors="0">
  <testcase name="findFlightPage" time="0.785" classname="com.newtours.tests.BookFlightTest"/>
  <testcase name="registrationPage" time="20.340" classname="com.newtours.tests.BookFlightTest"/>
  <testcase name="registrationConfirmationPage" time="0.740" classname="com.newtours.tests.BookFlightTest"/>
  <testcase name="flightDetailsPage" time="6.076" classname="com.newtours.tests.BookFlightTest"/>
  <testcase name="flightConfPage" time="0.594" classname="com.newtours.tests.BookFlightTest"/>
  <testcase name="registrationConfirmationPage" time="0.937" classname="com.newtours.tests.BookFlightTest"/>
  <testcase name="flightDetailsPage" time="5.626" classname="com.newtours.tests.BookFlightTest"/>
  <testcase name="registrationConfirmationPage" time="0.268" classname="com.newtours.tests.BookFlightTest"/>
  <testcase name="flightConfPage" time="0.743" classname="com.newtours.tests.BookFlightTest"/>
  <testcase name="flightConfPage" time="0.452" classname="com.newtours.tests.BookFlightTest"/>
  <testcase name="flightDetailsPage" time="6.196" classname="com.newtours.tests.BookFlightTest"/>
  <testcase name="flightDetailsPage" time="5.670" classname="com.newtours.tests.BookFlightTest"/>
  <testcase name="registrationConfirmationPage" time="0.716" classname="com.newtours.tests.BookFlightTest"/>
  <testcase name="registrationPage" time="22.881" classname="com.newtours.tests.BookFlightTest"/>
  <testcase name="registrationPage" time="19.409" classname="com.newtours.tests.BookFlightTest"/>
  <testcase name="findFlightPage" time="0.888" classname="com.newtours.tests.BookFlightTest"/>
  <testcase name="flightConfPage" time="0.885" classname="com.newtours.tests.BookFlightTest"/>
  <testcase name="findFlightPage" time="0.798" classname="com.newtours.tests.BookFlightTest"/>
  <testcase name="findFlightPage" time="0.871" classname="com.newtours.tests.BookFlightTest"/>
  <testcase name="registrationPage" time="20.988" classname="com.newtours.tests.BookFlightTest"/>
</testsuite> <!-- com.newtours.tests.BookFlightTest -->
