<?xml version="1.0" encoding="UTF-8"?>
<!-- Generated by org.testng.reporters.JUnitReportReporter -->
<testsuite skipped="0" hostname="3da8f0760d82" name="com.newtours.tests.BookFlightTest" tests="20" failures="0" timestamp="25 Oct 2022 12:07:10 GMT" time="153.219" errors="0">
  <testcase name="registrationPage" time="27.746" classname="com.newtours.tests.BookFlightTest"/>
  <testcase name="findFlightPage" time="1.179" classname="com.newtours.tests.BookFlightTest"/>
  <testcase name="flightDetailsPage" time="6.102" classname="com.newtours.tests.BookFlightTest"/>
  <testcase name="flightDetailsPage" time="5.833" classname="com.newtours.tests.BookFlightTest"/>
  <testcase name="registrationConfirmationPage" time="0.203" classname="com.newtours.tests.BookFlightTest"/>
  <testcase name="registrationConfirmationPage" time="0.217" classname="com.newtours.tests.BookFlightTest"/>
  <testcase name="flightConfPage" time="0.915" classname="com.newtours.tests.BookFlightTest"/>
  <testcase name="flightConfPage" time="0.553" classname="com.newtours.tests.BookFlightTest"/>
  <testcase name="flightDetailsPage" time="6.735" classname="com.newtours.tests.BookFlightTest"/>
  <testcase name="registrationPage" time="36.327" classname="com.newtours.tests.BookFlightTest"/>
  <testcase name="findFlightPage" time="0.848" classname="com.newtours.tests.BookFlightTest"/>
  <testcase name="registrationConfirmationPage" time="0.683" classname="com.newtours.tests.BookFlightTest"/>
  <testcase name="findFlightPage" time="1.069" classname="com.newtours.tests.BookFlightTest"/>
  <testcase name="flightDetailsPage" time="6.332" classname="com.newtours.tests.BookFlightTest"/>
  <testcase name="registrationConfirmationPage" time="0.345" classname="com.newtours.tests.BookFlightTest"/>
  <testcase name="flightConfPage" time="1.120" classname="com.newtours.tests.BookFlightTest"/>
  <testcase name="flightConfPage" time="0.875" classname="com.newtours.tests.BookFlightTest"/>
  <testcase name="findFlightPage" time="1.041" classname="com.newtours.tests.BookFlightTest"/>
  <testcase name="registrationPage" time="20.570" classname="com.newtours.tests.BookFlightTest"/>
  <testcase name="registrationPage" time="34.526" classname="com.newtours.tests.BookFlightTest"/>
</testsuite> <!-- com.newtours.tests.BookFlightTest -->
