<?xml version="1.0" encoding="UTF-8"?>
<!-- Generated by org.testng.reporters.JUnitReportReporter -->
<testsuite skipped="0" hostname="1ccc02f94954" name="com.newtours.tests.SearchTest" tests="5" failures="0" timestamp="25 Oct 2022 12:08:56 GMT" time="33.529" errors="0">
  <testcase name="search" time="6.399" classname="com.newtours.tests.SearchTest"/>
  <testcase name="search" time="6.767" classname="com.newtours.tests.SearchTest"/>
  <testcase name="search" time="5.851" classname="com.newtours.tests.SearchTest"/>
  <testcase name="search" time="5.499" classname="com.newtours.tests.SearchTest"/>
  <testcase name="search" time="9.013" classname="com.newtours.tests.SearchTest"/>
</testsuite> <!-- com.newtours.tests.SearchTest -->
