<?xml version="1.0" encoding="UTF-8"?>
<!-- Generated by org.testng.reporters.JUnitReportReporter -->
<testsuite skipped="0" hostname="DESKTOP-T6D122N" name="com.newtours.tests.BookFlightTest" tests="20" failures="0" timestamp="23 Oct 2022 19:48:18 GMT" time="164.935" errors="0">
  <testcase name="findFlightPage" time="1.181" classname="com.newtours.tests.BookFlightTest"/>
  <testcase name="registrationConfirmationPage" time="2.534" classname="com.newtours.tests.BookFlightTest"/>
  <testcase name="flightConfPage" time="1.473" classname="com.newtours.tests.BookFlightTest"/>
  <testcase name="flightConfPage" time="1.442" classname="com.newtours.tests.BookFlightTest"/>
  <testcase name="flightConfPage" time="1.396" classname="com.newtours.tests.BookFlightTest"/>
  <testcase name="flightDetailsPage" time="7.730" classname="com.newtours.tests.BookFlightTest"/>
  <testcase name="flightDetailsPage" time="7.623" classname="com.newtours.tests.BookFlightTest"/>
  <testcase name="registrationConfirmationPage" time="2.664" classname="com.newtours.tests.BookFlightTest"/>
  <testcase name="flightDetailsPage" time="7.728" classname="com.newtours.tests.BookFlightTest"/>
  <testcase name="registrationPage" time="27.217" classname="com.newtours.tests.BookFlightTest"/>
  <testcase name="flightDetailsPage" time="7.752" classname="com.newtours.tests.BookFlightTest"/>
  <testcase name="registrationPage" time="30.748" classname="com.newtours.tests.BookFlightTest"/>
  <testcase name="flightConfPage" time="1.410" classname="com.newtours.tests.BookFlightTest"/>
  <testcase name="registrationPage" time="28.210" classname="com.newtours.tests.BookFlightTest"/>
  <testcase name="registrationConfirmationPage" time="2.499" classname="com.newtours.tests.BookFlightTest"/>
  <testcase name="registrationPage" time="26.477" classname="com.newtours.tests.BookFlightTest"/>
  <testcase name="findFlightPage" time="1.509" classname="com.newtours.tests.BookFlightTest"/>
  <testcase name="findFlightPage" time="1.395" classname="com.newtours.tests.BookFlightTest"/>
  <testcase name="registrationConfirmationPage" time="2.703" classname="com.newtours.tests.BookFlightTest"/>
  <testcase name="findFlightPage" time="1.244" classname="com.newtours.tests.BookFlightTest"/>
</testsuite> <!-- com.newtours.tests.BookFlightTest -->
