<?xml version="1.0" encoding="UTF-8"?>
<!-- Generated by org.testng.reporters.JUnitReportReporter -->
<testsuite skipped="0" hostname="DESKTOP-T6D122N" name="com.newtours.tests.SearchTest" tests="5" failures="0" timestamp="23 Oct 2022 19:38:53 GMT" time="30.279" errors="0">
  <testcase name="search" time="6.450" classname="com.newtours.tests.SearchTest"/>
  <testcase name="search" time="5.485" classname="com.newtours.tests.SearchTest"/>
  <testcase name="search" time="5.986" classname="com.newtours.tests.SearchTest"/>
  <testcase name="search" time="6.961" classname="com.newtours.tests.SearchTest"/>
  <testcase name="search" time="5.397" classname="com.newtours.tests.SearchTest"/>
</testsuite> <!-- com.newtours.tests.SearchTest -->
