<?xml version="1.0" encoding="UTF-8"?>
<!-- Generated by org.testng.reporters.JUnitReportReporter -->
<testsuite skipped="0" hostname="DESKTOP-T6D122N" name="com.newtours.tests.BookFlightTest" tests="20" failures="0" timestamp="23 Oct 2022 18:19:11 GMT" time="57.142" errors="0">
  <testcase name="registrationConfirmationPage" time="0.190" classname="com.newtours.tests.BookFlightTest"/>
  <testcase name="findFlightPage" time="0.645" classname="com.newtours.tests.BookFlightTest"/>
  <testcase name="registrationConfirmationPage" time="0.217" classname="com.newtours.tests.BookFlightTest"/>
  <testcase name="flightDetailsPage" time="5.450" classname="com.newtours.tests.BookFlightTest"/>
  <testcase name="flightConfPage" time="0.438" classname="com.newtours.tests.BookFlightTest"/>
  <testcase name="registrationPage" time="7.672" classname="com.newtours.tests.BookFlightTest"/>
  <testcase name="findFlightPage" time="0.437" classname="com.newtours.tests.BookFlightTest"/>
  <testcase name="findFlightPage" time="0.409" classname="com.newtours.tests.BookFlightTest"/>
  <testcase name="flightDetailsPage" time="5.411" classname="com.newtours.tests.BookFlightTest"/>
  <testcase name="flightConfPage" time="0.379" classname="com.newtours.tests.BookFlightTest"/>
  <testcase name="flightDetailsPage" time="5.528" classname="com.newtours.tests.BookFlightTest"/>
  <testcase name="registrationPage" time="8.902" classname="com.newtours.tests.BookFlightTest"/>
  <testcase name="registrationPage" time="6.018" classname="com.newtours.tests.BookFlightTest"/>
  <testcase name="flightConfPage" time="0.383" classname="com.newtours.tests.BookFlightTest"/>
  <testcase name="registrationConfirmationPage" time="0.197" classname="com.newtours.tests.BookFlightTest"/>
  <testcase name="registrationConfirmationPage" time="0.185" classname="com.newtours.tests.BookFlightTest"/>
  <testcase name="flightConfPage" time="0.348" classname="com.newtours.tests.BookFlightTest"/>
  <testcase name="findFlightPage" time="0.465" classname="com.newtours.tests.BookFlightTest"/>
  <testcase name="flightDetailsPage" time="5.481" classname="com.newtours.tests.BookFlightTest"/>
  <testcase name="registrationPage" time="8.387" classname="com.newtours.tests.BookFlightTest"/>
</testsuite> <!-- com.newtours.tests.BookFlightTest -->
